c:\users\owner\documents\pitchshifter\builds\visualstudio2015\debug\juce_audio_devices.obj
c:\users\owner\documents\pitchshifter\builds\visualstudio2015\debug\juce_audio_processors.obj
c:\users\owner\documents\pitchshifter\builds\visualstudio2015\debug\juce_gui_basics.obj
c:\users\owner\documents\pitchshifter\builds\visualstudio2015\debug\fft.obj
c:\users\owner\documents\pitchshifter\builds\visualstudio2015\debug\juce_audio_basics.obj
c:\users\owner\documents\pitchshifter\builds\visualstudio2015\debug\juce_audio_formats.obj
c:\users\owner\documents\pitchshifter\builds\visualstudio2015\debug\juce_core.obj
c:\users\owner\documents\pitchshifter\builds\visualstudio2015\debug\juce_gui_extra.obj
c:\users\owner\documents\pitchshifter\builds\visualstudio2015\debug\plugineditor.obj
c:\users\owner\documents\pitchshifter\builds\visualstudio2015\debug\juce_audio_plugin_client_vst2.obj
c:\users\owner\documents\pitchshifter\builds\visualstudio2015\debug\juce_data_structures.obj
c:\users\owner\documents\pitchshifter\builds\visualstudio2015\debug\juce_graphics.obj
c:\users\owner\documents\pitchshifter\builds\visualstudio2015\debug\juce_video.obj
c:\users\owner\documents\pitchshifter\builds\visualstudio2015\debug\shifter.obj
c:\users\owner\documents\pitchshifter\builds\visualstudio2015\debug\juce_audio_plugin_client_utils.obj
c:\users\owner\documents\pitchshifter\builds\visualstudio2015\debug\juce_cryptography.obj
c:\users\owner\documents\pitchshifter\builds\visualstudio2015\debug\juce_events.obj
c:\users\owner\documents\pitchshifter\builds\visualstudio2015\debug\juce_opengl.obj
c:\users\owner\documents\pitchshifter\builds\visualstudio2015\debug\vc140.idb
c:\users\owner\documents\pitchshifter\builds\visualstudio2015\debug\vc140.pdb
c:\users\owner\documents\pitchshifter\builds\visualstudio2015\debug\pitchshifter.tlog\cl.command.1.tlog
c:\users\owner\documents\pitchshifter\builds\visualstudio2015\debug\pitchshifter.tlog\cl.read.1.tlog
c:\users\owner\documents\pitchshifter\builds\visualstudio2015\debug\pitchshifter.tlog\cl.write.1.tlog
